c:\users\kamil\documents\projekty\moje projekty\cpp\bootleg project\opengl\opengl\x64\debug\vc143.pdb
c:\users\kamil\documents\projekty\moje projekty\cpp\bootleg project\opengl\opengl\x64\debug\vc143.idb
c:\users\kamil\documents\projekty\moje projekty\cpp\bootleg project\opengl\opengl\x64\debug\vbo.obj
c:\users\kamil\documents\projekty\moje projekty\cpp\bootleg project\opengl\opengl\x64\debug\vao.obj
c:\users\kamil\documents\projekty\moje projekty\cpp\bootleg project\opengl\opengl\x64\debug\textures.obj
c:\users\kamil\documents\projekty\moje projekty\cpp\bootleg project\opengl\opengl\x64\debug\stb.obj
c:\users\kamil\documents\projekty\moje projekty\cpp\bootleg project\opengl\opengl\x64\debug\shaders.obj
c:\users\kamil\documents\projekty\moje projekty\cpp\bootleg project\opengl\opengl\x64\debug\model.obj
c:\users\kamil\documents\projekty\moje projekty\cpp\bootleg project\opengl\opengl\x64\debug\mesh.obj
c:\users\kamil\documents\projekty\moje projekty\cpp\bootleg project\opengl\opengl\x64\debug\main.obj
c:\users\kamil\documents\projekty\moje projekty\cpp\bootleg project\opengl\opengl\x64\debug\ebo.obj
c:\users\kamil\documents\projekty\moje projekty\cpp\bootleg project\opengl\opengl\x64\debug\camera.obj
c:\users\kamil\documents\projekty\moje projekty\cpp\bootleg project\opengl\opengl\x64\debug\glad.obj
c:\users\kamil\documents\projekty\moje projekty\cpp\bootleg project\opengl\x64\debug\opengl.exe
c:\users\kamil\documents\projekty\moje projekty\cpp\bootleg project\opengl\x64\debug\opengl.pdb
c:\users\kamil\documents\projekty\moje projekty\cpp\bootleg project\opengl\opengl\x64\debug\opengl.ilk
c:\users\kamil\documents\projekty\moje projekty\cpp\bootleg project\opengl\opengl\x64\debug\opengl.tlog\cl.command.1.tlog
c:\users\kamil\documents\projekty\moje projekty\cpp\bootleg project\opengl\opengl\x64\debug\opengl.tlog\cl.items.tlog
c:\users\kamil\documents\projekty\moje projekty\cpp\bootleg project\opengl\opengl\x64\debug\opengl.tlog\cl.read.1.tlog
c:\users\kamil\documents\projekty\moje projekty\cpp\bootleg project\opengl\opengl\x64\debug\opengl.tlog\cl.write.1.tlog
c:\users\kamil\documents\projekty\moje projekty\cpp\bootleg project\opengl\opengl\x64\debug\opengl.tlog\link.command.1.tlog
c:\users\kamil\documents\projekty\moje projekty\cpp\bootleg project\opengl\opengl\x64\debug\opengl.tlog\link.read.1.tlog
c:\users\kamil\documents\projekty\moje projekty\cpp\bootleg project\opengl\opengl\x64\debug\opengl.tlog\link.secondary.1.tlog
c:\users\kamil\documents\projekty\moje projekty\cpp\bootleg project\opengl\opengl\x64\debug\opengl.tlog\link.write.1.tlog
