c:\users\kamil\documents\projekty\moje projekty\cpp\bootleg project\opengl\opengl\x64\release\vc143.pdb
c:\users\kamil\documents\projekty\moje projekty\cpp\bootleg project\opengl\opengl\x64\release\vbo.obj
c:\users\kamil\documents\projekty\moje projekty\cpp\bootleg project\opengl\opengl\x64\release\vao.obj
c:\users\kamil\documents\projekty\moje projekty\cpp\bootleg project\opengl\opengl\x64\release\textures.obj
c:\users\kamil\documents\projekty\moje projekty\cpp\bootleg project\opengl\opengl\x64\release\stb.obj
c:\users\kamil\documents\projekty\moje projekty\cpp\bootleg project\opengl\opengl\x64\release\shaders.obj
c:\users\kamil\documents\projekty\moje projekty\cpp\bootleg project\opengl\opengl\x64\release\object.obj
c:\users\kamil\documents\projekty\moje projekty\cpp\bootleg project\opengl\opengl\x64\release\model.obj
c:\users\kamil\documents\projekty\moje projekty\cpp\bootleg project\opengl\opengl\x64\release\mesh.obj
c:\users\kamil\documents\projekty\moje projekty\cpp\bootleg project\opengl\opengl\x64\release\main.obj
c:\users\kamil\documents\projekty\moje projekty\cpp\bootleg project\opengl\opengl\x64\release\import.obj
c:\users\kamil\documents\projekty\moje projekty\cpp\bootleg project\opengl\opengl\x64\release\ebo.obj
c:\users\kamil\documents\projekty\moje projekty\cpp\bootleg project\opengl\opengl\x64\release\camera.obj
c:\users\kamil\documents\projekty\moje projekty\cpp\bootleg project\opengl\opengl\x64\release\board.obj
c:\users\kamil\documents\projekty\moje projekty\cpp\bootleg project\opengl\opengl\x64\release\glad.obj
c:\users\kamil\documents\projekty\moje projekty\cpp\bootleg project\opengl\opengl\x64\release\opengl.ipdb
c:\users\kamil\documents\projekty\moje projekty\cpp\bootleg project\opengl\opengl\x64\release\opengl.iobj
c:\users\kamil\documents\projekty\moje projekty\cpp\bootleg project\opengl\x64\release\opengl.pdb
c:\users\kamil\documents\projekty\moje projekty\cpp\bootleg project\opengl\opengl\x64\release\opengl.tlog\cl.command.1.tlog
c:\users\kamil\documents\projekty\moje projekty\cpp\bootleg project\opengl\opengl\x64\release\opengl.tlog\cl.items.tlog
c:\users\kamil\documents\projekty\moje projekty\cpp\bootleg project\opengl\opengl\x64\release\opengl.tlog\cl.read.1.tlog
c:\users\kamil\documents\projekty\moje projekty\cpp\bootleg project\opengl\opengl\x64\release\opengl.tlog\cl.write.1.tlog
c:\users\kamil\documents\projekty\moje projekty\cpp\bootleg project\opengl\opengl\x64\release\opengl.tlog\link.command.1.tlog
c:\users\kamil\documents\projekty\moje projekty\cpp\bootleg project\opengl\opengl\x64\release\opengl.tlog\link.read.1.tlog
c:\users\kamil\documents\projekty\moje projekty\cpp\bootleg project\opengl\opengl\x64\release\opengl.tlog\link.secondary.1.tlog
c:\users\kamil\documents\projekty\moje projekty\cpp\bootleg project\opengl\opengl\x64\release\opengl.tlog\link.write.1.tlog
